<?xml version="1.0" encoding="UTF-8"?>
<!-- Generated by org.testng.reporters.JUnitXMLReporter -->
<testsuite ignored="0" hostname="DESKTOP-OLDONQP" failures="0" tests="12" name="Default test" time="101.484" errors="0" timestamp="2022-09-17T22:11:50 IST">
  <testcase classname="com.testngpackage.Assign6" name="launchbrowser" time="14.641"/>
  <testcase classname="com.testngpackage.Assign6" name="navigate" time="7.631"/>
  <testcase classname="com.testngpackage.Assign6" name="login" time="5.844"/>
  <testcase classname="com.testngpackage.Assign6" name="minimize" time="5.145"/>
  <testcase classname="com.testngpackage.Assign6" name="createCustomer" time="11.365"/>
  <testcase classname="com.testngpackage.Assign6" name="Createproject" time="10.898"/>
  <testcase classname="com.testngpackage.Assign6" name="Modifyproject" time="8.853"/>
  <testcase classname="com.testngpackage.Assign6" name="deleteproject" time="8.995"/>
  <testcase classname="com.testngpackage.Assign6" name="Modifycustomer" time="8.829"/>
  <testcase classname="com.testngpackage.Assign6" name="DeleteCustomer" time="11.883"/>
  <testcase classname="com.testngpackage.Assign6" name="logout" time="5.907"/>
  <testcase classname="com.testngpackage.Assign6" name="close" time="1.064"/>
</testsuite> <!-- Default test -->
